<?xml version="1.0" encoding="UTF-8"?>
<testsuites>
  <testsuite name="" tests="2" assertions="0" errors="2" warnings="0" failures="0" skipped="0" time="0.011569">
    <testsuite name="Project Test Suite" tests="2" assertions="0" errors="2" warnings="0" failures="0" skipped="0" time="0.011569">
      <testsuite name="App\Tests\RegistrationTest" file="C:\wamp64\www\lab\filRouge\filRouge\tests\RegistrationTest.php" tests="2" assertions="0" errors="2" warnings="0" failures="0" skipped="0" time="0.011569">
        <testsuite name="App\Tests\RegistrationTest::testSuccessfulRegistration" tests="2" assertions="0" errors="2" warnings="0" failures="0" skipped="0" time="0.011569">
          <testcase name="testSuccessfulRegistration with data set #0" class="App\Tests\RegistrationTest" classname="App.Tests.RegistrationTest" file="C:\wamp64\www\lab\filRouge\filRouge\tests\RegistrationTest.php" line="22" assertions="0" time="0.011463">
            <error type="LogicException">App\Tests\RegistrationTest::testSuccessfulRegistration with data set #0 ('producer')
LogicException: You must set the KERNEL_CLASS environment variable to the fully-qualified class name of your Kernel in phpunit.xml / phpunit.xml.dist or override the "App\Tests\RegistrationTest::createKernel()" or "App\Tests\RegistrationTest::getKernelClass()" method.

C:\wamp64\www\lab\filRouge\filRouge\vendor\symfony\framework-bundle\Test\KernelTestCase.php:60
C:\wamp64\www\lab\filRouge\filRouge\vendor\symfony\framework-bundle\Test\KernelTestCase.php:102
C:\wamp64\www\lab\filRouge\filRouge\vendor\symfony\framework-bundle\Test\KernelTestCase.php:79
C:\wamp64\www\lab\filRouge\filRouge\vendor\symfony\framework-bundle\Test\WebTestCase.php:46
C:\wamp64\www\lab\filRouge\filRouge\tests\RegistrationTest.php:24</error>
          </testcase>
          <testcase name="testSuccessfulRegistration with data set #1" class="App\Tests\RegistrationTest" classname="App.Tests.RegistrationTest" file="C:\wamp64\www\lab\filRouge\filRouge\tests\RegistrationTest.php" line="22" assertions="0" time="0.000107">
            <error type="LogicException">App\Tests\RegistrationTest::testSuccessfulRegistration with data set #1 ('customer')
LogicException: You must set the KERNEL_CLASS environment variable to the fully-qualified class name of your Kernel in phpunit.xml / phpunit.xml.dist or override the "App\Tests\RegistrationTest::createKernel()" or "App\Tests\RegistrationTest::getKernelClass()" method.

C:\wamp64\www\lab\filRouge\filRouge\vendor\symfony\framework-bundle\Test\KernelTestCase.php:60
C:\wamp64\www\lab\filRouge\filRouge\vendor\symfony\framework-bundle\Test\KernelTestCase.php:102
C:\wamp64\www\lab\filRouge\filRouge\vendor\symfony\framework-bundle\Test\KernelTestCase.php:79
C:\wamp64\www\lab\filRouge\filRouge\vendor\symfony\framework-bundle\Test\WebTestCase.php:46
C:\wamp64\www\lab\filRouge\filRouge\tests\RegistrationTest.php:24</error>
          </testcase>
        </testsuite>
      </testsuite>
    </testsuite>
  </testsuite>
</testsuites>
